<?xml version="1.0" encoding="UTF-8"?>
<!-- Generated by org.testng.reporters.JUnitXMLReporter -->
<testsuite ignored="0" hostname="LAPTOP-C50CP82R" failures="1" tests="2" name="Test" time="6.922" errors="0" timestamp="2023-10-23T00:26:42 EDT">
  <testcase classname="TestNG_Classes.SearchTest" name="land_into_the_website" time="0.139">
    <failure type="java.io.FileNotFoundException" message="C:\EAL_ECLIPES_ALL_WORK\Demo_TestNG\Pictures\er_ss\Home1698035201911.jpg (The system cannot find the path specified)">
      <![CDATA[java.io.FileNotFoundException: C:\EAL_ECLIPES_ALL_WORK\Demo_TestNG\Pictures\er_ss\Home1698035201911.jpg (The system cannot find the path specified)
at java.base/java.io.FileOutputStream.open0(Native Method)
at java.base/java.io.FileOutputStream.open(FileOutputStream.java:293)
at java.base/java.io.FileOutputStream.<init>(FileOutputStream.java:235)
at java.base/java.io.FileOutputStream.<init>(FileOutputStream.java:184)
at org.openqa.selenium.io.FileHandler.copyFile(FileHandler.java:131)
at org.openqa.selenium.io.FileHandler.copy(FileHandler.java:110)
at Utilities_P.C_44_TNG_Utilities.CapturesScreenshots(C_44_TNG_Utilities.java:116)
at TestNG_Classes.SearchTest.land_into_the_website(SearchTest.java:36)
at java.base/java.util.ArrayList.forEach(ArrayList.java:1511)
... Removed 27 stack frames]]>
    </failure>
  </testcase> <!-- land_into_the_website -->
  <testcase classname="TestNG_Classes.SearchTest" name="click_on_About_Button" time="0.026"/>
</testsuite> <!-- Test -->
